<?xml version="1.0" encoding="UTF-8"?>
<!-- Generated by org.testng.reporters.JUnitReportReporter -->
<testsuite hostname="HGT-LAP-362" failures="0" tests="1" name="Testcases_Ramya.Documents1" time="48.215" errors="0" timestamp="2024-06-19T10:22:03 IST" skipped="0">
  <testcase classname="Testcases_Ramya.Documents1" name="VerifyLoginFunctionalityWithValidCredantials" time="48.215"/>
</testsuite> <!-- Testcases_Ramya.Documents1 -->
