<?xml version="1.0" encoding="UTF-8"?>
<!-- Generated by org.testng.reporters.JUnitReportReporter -->
<testsuite hostname="HGT-LAP-362" failures="0" tests="1" name="Testcases_Ramya.RecieversideTest" time="270.129" errors="0" timestamp="2024-05-02T13:00:20 IST" skipped="0">
  <testcase classname="Testcases_Ramya.RecieversideTest" name="VerifyRecieverside" time="270.129"/>
</testsuite> <!-- Testcases_Ramya.RecieversideTest -->
