<?xml version="1.0" encoding="UTF-8"?>
<!-- Generated by org.testng.reporters.JUnitReportReporter -->
<testsuite hostname="HGT-LAP-362" failures="0" tests="1" name="Testcases_Ramya.NsuidocumentsTest" time="219.338" errors="0" timestamp="2024-05-03T10:33:33 IST" skipped="0">
  <testcase classname="Testcases_Ramya.NsuidocumentsTest" name="VerifyLockfields" time="219.338"/>
</testsuite> <!-- Testcases_Ramya.NsuidocumentsTest -->
